# JRE version: OpenJDK Runtime Environment (8.0_131-b12) (build 1.8.0_131-b12)
# Java VM: OpenJDK 64-Bit Server VM (25.131-b12 mixed mode linux-amd64 compressed oops)
Heap:
 PSYoungGen      total 4254208K, used 1439K [0x0000000580100000, 0x0000000687200000, 0x0000000800000000)
  eden space 4198400K, 0% used [0x0000000580100000,0x0000000580100000,0x0000000680500000)
  from space 55808K, 2% used [0x0000000680500000,0x0000000680667ed0,0x0000000683b80000)
  to   space 55808K, 0% used [0x0000000683b80000,0x0000000683b80000,0x0000000687200000)
 ParOldGen       total 1398272K, used 54178K [0x0000000080200000, 0x00000000d5780000, 0x0000000580100000)
  object space 1398272K, 3% used [0x0000000080200000,0x00000000836e8a40,0x00000000d5780000)
 Metaspace       used 6063K, capacity 6124K, committed 6272K, reserved 1056768K
  class space    used 557K, capacity 592K, committed 640K, reserved 1048576K
GC Heap History (10 events):
Event: 2.529 GC heap after
Heap after GC invocations=2 (full 0):
 PSYoungGen      total 1136640K, used 54539K [0x0000000580100000, 0x00000005cac00000, 0x0000000800000000)
  eden space 1049600K, 0% used [0x0000000580100000,0x0000000580100000,0x00000005c0200000)
  from space 87040K, 62% used [0x00000005c5700000,0x00000005c8c42e60,0x00000005cac00000)
  to   space 87040K, 0% used [0x00000005c0200000,0x00000005c0200000,0x00000005c5700000)
 ParOldGen       total 1398272K, used 16K [0x0000000080200000, 0x00000000d5780000, 0x0000000580100000)
  object space 1398272K, 0% used [0x0000000080200000,0x0000000080204000,0x00000000d5780000)
 Metaspace       used 6063K, capacity 6124K, committed 6272K, reserved 1056768K
  class space    used 557K, capacity 592K, committed 640K, reserved 1048576K
}
Event: 3.141 GC heap before
{Heap before GC invocations=3 (full 0):
 PSYoungGen      total 1136640K, used 1104139K [0x0000000580100000, 0x00000005cac00000, 0x0000000800000000)
  eden space 1049600K, 100% used [0x0000000580100000,0x00000005c0200000,0x00000005c0200000)
  from space 87040K, 62% used [0x00000005c5700000,0x00000005c8c42e60,0x00000005cac00000)
  to   space 87040K, 0% used [0x00000005c0200000,0x00000005c0200000,0x00000005c5700000)
 ParOldGen       total 1398272K, used 16K [0x0000000080200000, 0x00000000d5780000, 0x0000000580100000)
  object space 1398272K, 0% used [0x0000000080200000,0x0000000080204000,0x00000000d5780000)
 Metaspace       used 6063K, capacity 6124K, committed 6272K, reserved 1056768K
  class space    used 557K, capacity 592K, committed 640K, reserved 1048576K
Event: 3.265 GC heap after
Heap after GC invocations=3 (full 0):
 PSYoungGen      total 1136640K, used 54485K [0x0000000580100000, 0x000000060ad00000, 0x0000000800000000)
  eden space 1049600K, 0% used [0x0000000580100000,0x0000000580100000,0x00000005c0200000)
  from space 87040K, 62% used [0x00000005c0200000,0x00000005c37354e0,0x00000005c5700000)
  to   space 87040K, 0% used [0x0000000605800000,0x0000000605800000,0x000000060ad00000)
 ParOldGen       total 1398272K, used 16K [0x0000000080200000, 0x00000000d5780000, 0x0000000580100000)
  object space 1398272K, 0% used [0x0000000080200000,0x0000000080204000,0x00000000d5780000)
 Metaspace       used 6063K, capacity 6124K, committed 6272K, reserved 1056768K
  class space    used 557K, capacity 592K, committed 640K, reserved 1048576K
}
Event: 3.572 GC heap before
{Heap before GC invocations=4 (full 0):
 PSYoungGen      total 1136640K, used 1104085K [0x0000000580100000, 0x000000060ad00000, 0x0000000800000000)
  eden space 1049600K, 100% used [0x0000000580100000,0x00000005c0200000,0x00000005c0200000)
  from space 87040K, 62% used [0x00000005c0200000,0x00000005c37354e0,0x00000005c5700000)
  to   space 87040K, 0% used [0x0000000605800000,0x0000000605800000,0x000000060ad00000)
 ParOldGen       total 1398272K, used 16K [0x0000000080200000, 0x00000000d5780000, 0x0000000580100000)
  object space 1398272K, 0% used [0x0000000080200000,0x0000000080204000,0x00000000d5780000)
 Metaspace       used 6063K, capacity 6124K, committed 6272K, reserved 1056768K
  class space    used 557K, capacity 592K, committed 640K, reserved 1048576K
Event: 3.673 GC heap after
Heap after GC invocations=4 (full 0):
 PSYoungGen      total 2186240K, used 54608K [0x0000000580100000, 0x000000060ad00000, 0x0000000800000000)
  eden space 2099200K, 0% used [0x0000000580100000,0x0000000580100000,0x0000000600300000)
  from space 87040K, 62% used [0x0000000605800000,0x0000000608d54150,0x000000060ad00000)
  to   space 87040K, 0% used [0x0000000600300000,0x0000000600300000,0x0000000605800000)
 ParOldGen       total 1398272K, used 16K [0x0000000080200000, 0x00000000d5780000, 0x0000000580100000)
  object space 1398272K, 0% used [0x0000000080200000,0x0000000080204000,0x00000000d5780000)
 Metaspace       used 6063K, capacity 6124K, committed 6272K, reserved 1056768K
  class space    used 557K, capacity 592K, committed 640K, reserved 1048576K
}
Event: 4.859 GC heap before
{Heap before GC invocations=5 (full 0):
 PSYoungGen      total 2186240K, used 2153808K [0x0000000580100000, 0x000000060ad00000, 0x0000000800000000)
  eden space 2099200K, 100% used [0x0000000580100000,0x0000000600300000,0x0000000600300000)
  from space 87040K, 62% used [0x0000000605800000,0x0000000608d54150,0x000000060ad00000)
  to   space 87040K, 0% used [0x0000000600300000,0x0000000600300000,0x0000000605800000)
 ParOldGen       total 1398272K, used 16K [0x0000000080200000, 0x00000000d5780000, 0x0000000580100000)
  object space 1398272K, 0% used [0x0000000080200000,0x0000000080204000,0x00000000d5780000)
 Metaspace       used 6063K, capacity 6124K, committed 6272K, reserved 1056768K
  class space    used 557K, capacity 592K, committed 640K, reserved 1048576K
Event: 4.997 GC heap after
Heap after GC invocations=5 (full 0):
 PSYoungGen      total 2186240K, used 55266K [0x0000000580100000, 0x0000000687200000, 0x0000000800000000)
  eden space 2099200K, 0% used [0x0000000580100000,0x0000000580100000,0x0000000600300000)
  from space 87040K, 63% used [0x0000000600300000,0x00000006038f8840,0x0000000605800000)
  to   space 55808K, 0% used [0x0000000683b80000,0x0000000683b80000,0x0000000687200000)
 ParOldGen       total 1398272K, used 16K [0x0000000080200000, 0x00000000d5780000, 0x0000000580100000)
  object space 1398272K, 0% used [0x0000000080200000,0x0000000080204000,0x00000000d5780000)
 Metaspace       used 6063K, capacity 6124K, committed 6272K, reserved 1056768K
  class space    used 557K, capacity 592K, committed 640K, reserved 1048576K
}
Event: 5.801 GC heap before
{Heap before GC invocations=6 (full 0):
 PSYoungGen      total 2186240K, used 2154466K [0x0000000580100000, 0x0000000687200000, 0x0000000800000000)
  eden space 2099200K, 100% used [0x0000000580100000,0x0000000600300000,0x0000000600300000)
  from space 87040K, 63% used [0x0000000600300000,0x00000006038f8840,0x0000000605800000)
  to   space 55808K, 0% used [0x0000000683b80000,0x0000000683b80000,0x0000000687200000)
 ParOldGen       total 1398272K, used 16K [0x0000000080200000, 0x00000000d5780000, 0x0000000580100000)
  object space 1398272K, 0% used [0x0000000080200000,0x0000000080204000,0x00000000d5780000)
 Metaspace       used 6063K, capacity 6124K, committed 6272K, reserved 1056768K
  class space    used 557K, capacity 592K, committed 640K, reserved 1048576K
Event: 5.917 GC heap after
Heap after GC invocations=6 (full 0):
 PSYoungGen      total 4254208K, used 55439K [0x0000000580100000, 0x0000000687200000, 0x0000000800000000)
  eden space 4198400K, 0% used [0x0000000580100000,0x0000000580100000,0x0000000680500000)
  from space 55808K, 99% used [0x0000000683b80000,0x00000006871a3c58,0x0000000687200000)
  to   space 55808K, 0% used [0x0000000680500000,0x0000000680500000,0x0000000683b80000)
 ParOldGen       total 1398272K, used 16K [0x0000000080200000, 0x00000000d5780000, 0x0000000580100000)
  object space 1398272K, 0% used [0x0000000080200000,0x0000000080204000,0x00000000d5780000)
 Metaspace       used 6063K, capacity 6124K, committed 6272K, reserved 1056768K
  class space    used 557K, capacity 592K, committed 640K, reserved 1048576K
}
Event: 8.516 GC heap before
{Heap before GC invocations=7 (full 0):
 PSYoungGen      total 4254208K, used 4253839K [0x0000000580100000, 0x0000000687200000, 0x0000000800000000)
  eden space 4198400K, 100% used [0x0000000580100000,0x0000000680500000,0x0000000680500000)
  from space 55808K, 99% used [0x0000000683b80000,0x00000006871a3c58,0x0000000687200000)
  to   space 55808K, 0% used [0x0000000680500000,0x0000000680500000,0x0000000683b80000)
 ParOldGen       total 1398272K, used 16K [0x0000000080200000, 0x00000000d5780000, 0x0000000580100000)
  object space 1398272K, 0% used [0x0000000080200000,0x0000000080204000,0x00000000d5780000)
 Metaspace       used 6063K, capacity 6124K, committed 6272K, reserved 1056768K
  class space    used 557K, capacity 592K, committed 640K, reserved 1048576K

