# JRE version: OpenJDK Runtime Environment (8.0_131-b12) (build 1.8.0_131-b12)
# Java VM: OpenJDK 64-Bit Server VM (25.131-b12 mixed mode linux-amd64 compressed oops)
Heap:
 PSYoungGen      total 535040K, used 20961K [0x0000000719e00000, 0x000000073bd00000, 0x00000007c0000000)
  eden space 514048K, 0% used [0x0000000719e00000,0x0000000719e00000,0x0000000739400000)
  from space 20992K, 99% used [0x0000000739400000,0x000000073a8787a0,0x000000073a880000)
  to   space 20992K, 0% used [0x000000073a880000,0x000000073a880000,0x000000073bd00000)
 ParOldGen       total 341504K, used 80143K [0x00000005cda00000, 0x00000005e2780000, 0x0000000719e00000)
  object space 341504K, 23% used [0x00000005cda00000,0x00000005d2843f58,0x00000005e2780000)
 Metaspace       used 6063K, capacity 6124K, committed 6272K, reserved 1056768K
  class space    used 557K, capacity 592K, committed 640K, reserved 1048576K
GC Heap History (9 events):
Event: 4.340 GC heap before
{Heap before GC invocations=1 (full 0):
 PSYoungGen      total 149504K, used 128512K [0x0000000719e00000, 0x0000000724480000, 0x00000007c0000000)
  eden space 128512K, 100% used [0x0000000719e00000,0x0000000721b80000,0x0000000721b80000)
  from space 20992K, 0% used [0x0000000723000000,0x0000000723000000,0x0000000724480000)
  to   space 20992K, 0% used [0x0000000721b80000,0x0000000721b80000,0x0000000723000000)
 ParOldGen       total 341504K, used 0K [0x00000005cda00000, 0x00000005e2780000, 0x0000000719e00000)
  object space 341504K, 0% used [0x00000005cda00000,0x00000005cda00000,0x00000005e2780000)
 Metaspace       used 5886K, capacity 5996K, committed 6272K, reserved 1056768K
  class space    used 546K, capacity 592K, committed 640K, reserved 1048576K
Event: 4.509 GC heap after
Heap after GC invocations=1 (full 0):
 PSYoungGen      total 149504K, used 20976K [0x0000000719e00000, 0x000000072c200000, 0x00000007c0000000)
  eden space 128512K, 0% used [0x0000000719e00000,0x0000000719e00000,0x0000000721b80000)
  from space 20992K, 99% used [0x0000000721b80000,0x0000000722ffc388,0x0000000723000000)
  to   space 20992K, 0% used [0x000000072ad80000,0x000000072ad80000,0x000000072c200000)
 ParOldGen       total 341504K, used 77702K [0x00000005cda00000, 0x00000005e2780000, 0x0000000719e00000)
  object space 341504K, 22% used [0x00000005cda00000,0x00000005d25e1ad8,0x00000005e2780000)
 Metaspace       used 5886K, capacity 5996K, committed 6272K, reserved 1056768K
  class space    used 546K, capacity 592K, committed 640K, reserved 1048576K
}
Event: 4.768 GC heap before
{Heap before GC invocations=2 (full 0):
 PSYoungGen      total 149504K, used 149458K [0x0000000719e00000, 0x000000072c200000, 0x00000007c0000000)
  eden space 128512K, 99% used [0x0000000719e00000,0x0000000721b78638,0x0000000721b80000)
  from space 20992K, 99% used [0x0000000721b80000,0x0000000722ffc388,0x0000000723000000)
  to   space 20992K, 0% used [0x000000072ad80000,0x000000072ad80000,0x000000072c200000)
 ParOldGen       total 341504K, used 77702K [0x00000005cda00000, 0x00000005e2780000, 0x0000000719e00000)
  object space 341504K, 22% used [0x00000005cda00000,0x00000005d25e1ad8,0x00000005e2780000)
 Metaspace       used 6056K, capacity 6124K, committed 6272K, reserved 1056768K
  class space    used 557K, capacity 592K, committed 640K, reserved 1048576K
Event: 4.847 GC heap after
Heap after GC invocations=2 (full 0):
 PSYoungGen      total 278016K, used 20970K [0x0000000719e00000, 0x000000072c200000, 0x00000007c0000000)
  eden space 257024K, 0% used [0x0000000719e00000,0x0000000719e00000,0x0000000729900000)
  from space 20992K, 99% used [0x000000072ad80000,0x000000072c1fa838,0x000000072c200000)
  to   space 20992K, 0% used [0x0000000729900000,0x0000000729900000,0x000000072ad80000)
 ParOldGen       total 341504K, used 79527K [0x00000005cda00000, 0x00000005e2780000, 0x0000000719e00000)
  object space 341504K, 23% used [0x00000005cda00000,0x00000005d27a9f58,0x00000005e2780000)
 Metaspace       used 6056K, capacity 6124K, committed 6272K, reserved 1056768K
  class space    used 557K, capacity 592K, committed 640K, reserved 1048576K
}
Event: 4.996 GC heap before
{Heap before GC invocations=3 (full 0):
 PSYoungGen      total 278016K, used 277994K [0x0000000719e00000, 0x000000072c200000, 0x00000007c0000000)
  eden space 257024K, 100% used [0x0000000719e00000,0x0000000729900000,0x0000000729900000)
  from space 20992K, 99% used [0x000000072ad80000,0x000000072c1fa838,0x000000072c200000)
  to   space 20992K, 0% used [0x0000000729900000,0x0000000729900000,0x000000072ad80000)
 ParOldGen       total 341504K, used 79527K [0x00000005cda00000, 0x00000005e2780000, 0x0000000719e00000)
  object space 341504K, 23% used [0x00000005cda00000,0x00000005d27a9f58,0x00000005e2780000)
 Metaspace       used 6063K, capacity 6124K, committed 6272K, reserved 1056768K
  class space    used 557K, capacity 592K, committed 640K, reserved 1048576K
Event: 5.123 GC heap after
Heap after GC invocations=3 (full 0):
 PSYoungGen      total 278016K, used 20963K [0x0000000719e00000, 0x000000073bd00000, 0x00000007c0000000)
  eden space 257024K, 0% used [0x0000000719e00000,0x0000000719e00000,0x0000000729900000)
  from space 20992K, 99% used [0x0000000729900000,0x000000072ad78ef8,0x000000072ad80000)
  to   space 20992K, 0% used [0x000000073a880000,0x000000073a880000,0x000000073bd00000)
 ParOldGen       total 341504K, used 79735K [0x00000005cda00000, 0x00000005e2780000, 0x0000000719e00000)
  object space 341504K, 23% used [0x00000005cda00000,0x00000005d27ddf58,0x00000005e2780000)
 Metaspace       used 6063K, capacity 6124K, committed 6272K, reserved 1056768K
  class space    used 557K, capacity 592K, committed 640K, reserved 1048576K
}
Event: 5.181 GC heap before
{Heap before GC invocations=4 (full 0):
 PSYoungGen      total 278016K, used 277985K [0x0000000719e00000, 0x000000073bd00000, 0x00000007c0000000)
  eden space 257024K, 99% used [0x0000000719e00000,0x00000007298ff750,0x0000000729900000)
  from space 20992K, 99% used [0x0000000729900000,0x000000072ad78ef8,0x000000072ad80000)
  to   space 20992K, 0% used [0x000000073a880000,0x000000073a880000,0x000000073bd00000)
 ParOldGen       total 341504K, used 79735K [0x00000005cda00000, 0x00000005e2780000, 0x0000000719e00000)
  object space 341504K, 23% used [0x00000005cda00000,0x00000005d27ddf58,0x00000005e2780000)
 Metaspace       used 6063K, capacity 6124K, committed 6272K, reserved 1056768K
  class space    used 557K, capacity 592K, committed 640K, reserved 1048576K
Event: 5.232 GC heap after
Heap after GC invocations=4 (full 0):
 PSYoungGen      total 535040K, used 20970K [0x0000000719e00000, 0x000000073bd00000, 0x00000007c0000000)
  eden space 514048K, 0% used [0x0000000719e00000,0x0000000719e00000,0x0000000739400000)
  from space 20992K, 99% used [0x000000073a880000,0x000000073bcfabb0,0x000000073bd00000)
  to   space 20992K, 0% used [0x0000000739400000,0x0000000739400000,0x000000073a880000)
 ParOldGen       total 341504K, used 79783K [0x00000005cda00000, 0x00000005e2780000, 0x0000000719e00000)
  object space 341504K, 23% used [0x00000005cda00000,0x00000005d27e9f58,0x00000005e2780000)
 Metaspace       used 6063K, capacity 6124K, committed 6272K, reserved 1056768K
  class space    used 557K, capacity 592K, committed 640K, reserved 1048576K
}
Event: 5.500 GC heap before
{Heap before GC invocations=5 (full 0):
 PSYoungGen      total 535040K, used 535018K [0x0000000719e00000, 0x000000073bd00000, 0x00000007c0000000)
  eden space 514048K, 100% used [0x0000000719e00000,0x0000000739400000,0x0000000739400000)
  from space 20992K, 99% used [0x000000073a880000,0x000000073bcfabb0,0x000000073bd00000)
  to   space 20992K, 0% used [0x0000000739400000,0x0000000739400000,0x000000073a880000)
 ParOldGen       total 341504K, used 79783K [0x00000005cda00000, 0x00000005e2780000, 0x0000000719e00000)
  object space 341504K, 23% used [0x00000005cda00000,0x00000005d27e9f58,0x00000005e2780000)
 Metaspace       used 6063K, capacity 6124K, committed 6272K, reserved 1056768K
  class space    used 557K, capacity 592K, committed 640K, reserved 1048576K

