# JRE version: OpenJDK Runtime Environment (8.0_111-b15) (build 1.8.0_111-b15)
# Java VM: OpenJDK 64-Bit Server VM (25.111-b15 mixed mode linux-amd64 compressed oops)
Heap:
 PSYoungGen      total 1081344K, used 452K [0x0000000719e00000, 0x000000075f200000, 0x00000007c0000000)
  eden space 1028096K, 0% used [0x0000000719e00000,0x0000000719e00000,0x0000000758a00000)
  from space 53248K, 0% used [0x0000000758a00000,0x0000000758a71290,0x000000075be00000)
  to   space 50688K, 0% used [0x000000075c080000,0x000000075c080000,0x000000075f200000)
 ParOldGen       total 341504K, used 56913K [0x00000005cda00000, 0x00000005e2780000, 0x0000000719e00000)
  object space 341504K, 16% used [0x00000005cda00000,0x00000005d11947a0,0x00000005e2780000)
 Metaspace       used 6019K, capacity 6128K, committed 6272K, reserved 1056768K
  class space    used 557K, capacity 592K, committed 640K, reserved 1048576K
GC Heap History (10 events):
Event: 1.652 GC heap after
Heap after GC invocations=2 (full 0):
 PSYoungGen      total 278016K, used 20987K [0x0000000719e00000, 0x000000072c200000, 0x00000007c0000000)
  eden space 257024K, 0% used [0x0000000719e00000,0x0000000719e00000,0x0000000729900000)
  from space 20992K, 99% used [0x000000072ad80000,0x000000072c1fec00,0x000000072c200000)
  to   space 20992K, 0% used [0x0000000729900000,0x0000000729900000,0x000000072ad80000)
 ParOldGen       total 341504K, used 35778K [0x00000005cda00000, 0x00000005e2780000, 0x0000000719e00000)
  object space 341504K, 10% used [0x00000005cda00000,0x00000005cfcf0bc0,0x00000005e2780000)
 Metaspace       used 6019K, capacity 6128K, committed 6272K, reserved 1056768K
  class space    used 557K, capacity 592K, committed 640K, reserved 1048576K
}
Event: 1.741 GC heap before
{Heap before GC invocations=3 (full 0):
 PSYoungGen      total 278016K, used 278011K [0x0000000719e00000, 0x000000072c200000, 0x00000007c0000000)
  eden space 257024K, 100% used [0x0000000719e00000,0x0000000729900000,0x0000000729900000)
  from space 20992K, 99% used [0x000000072ad80000,0x000000072c1fec00,0x000000072c200000)
  to   space 20992K, 0% used [0x0000000729900000,0x0000000729900000,0x000000072ad80000)
 ParOldGen       total 341504K, used 35778K [0x00000005cda00000, 0x00000005e2780000, 0x0000000719e00000)
  object space 341504K, 10% used [0x00000005cda00000,0x00000005cfcf0bc0,0x00000005e2780000)
 Metaspace       used 6019K, capacity 6128K, committed 6272K, reserved 1056768K
  class space    used 557K, capacity 592K, committed 640K, reserved 1048576K
Event: 1.755 GC heap after
Heap after GC invocations=3 (full 0):
 PSYoungGen      total 278016K, used 20985K [0x0000000719e00000, 0x000000073bd00000, 0x00000007c0000000)
  eden space 257024K, 0% used [0x0000000719e00000,0x0000000719e00000,0x0000000729900000)
  from space 20992K, 99% used [0x0000000729900000,0x000000072ad7e770,0x000000072ad80000)
  to   space 20992K, 0% used [0x000000073a880000,0x000000073a880000,0x000000073bd00000)
 ParOldGen       total 341504K, used 35866K [0x00000005cda00000, 0x00000005e2780000, 0x0000000719e00000)
  object space 341504K, 10% used [0x00000005cda00000,0x00000005cfd06bc0,0x00000005e2780000)
 Metaspace       used 6019K, capacity 6128K, committed 6272K, reserved 1056768K
  class space    used 557K, capacity 592K, committed 640K, reserved 1048576K
}
Event: 1.809 GC heap before
{Heap before GC invocations=4 (full 0):
 PSYoungGen      total 278016K, used 278009K [0x0000000719e00000, 0x000000073bd00000, 0x00000007c0000000)
  eden space 257024K, 100% used [0x0000000719e00000,0x0000000729900000,0x0000000729900000)
  from space 20992K, 99% used [0x0000000729900000,0x000000072ad7e770,0x000000072ad80000)
  to   space 20992K, 0% used [0x000000073a880000,0x000000073a880000,0x000000073bd00000)
 ParOldGen       total 341504K, used 35866K [0x00000005cda00000, 0x00000005e2780000, 0x0000000719e00000)
  object space 341504K, 10% used [0x00000005cda00000,0x00000005cfd06bc0,0x00000005e2780000)
 Metaspace       used 6019K, capacity 6128K, committed 6272K, reserved 1056768K
  class space    used 557K, capacity 592K, committed 640K, reserved 1048576K
Event: 1.821 GC heap after
Heap after GC invocations=4 (full 0):
 PSYoungGen      total 535040K, used 20979K [0x0000000719e00000, 0x000000073bd00000, 0x00000007c0000000)
  eden space 514048K, 0% used [0x0000000719e00000,0x0000000719e00000,0x0000000739400000)
  from space 20992K, 99% used [0x000000073a880000,0x000000073bcfcc30,0x000000073bd00000)
  to   space 20992K, 0% used [0x0000000739400000,0x0000000739400000,0x000000073a880000)
 ParOldGen       total 341504K, used 36018K [0x00000005cda00000, 0x00000005e2780000, 0x0000000719e00000)
  object space 341504K, 10% used [0x00000005cda00000,0x00000005cfd2cbc0,0x00000005e2780000)
 Metaspace       used 6019K, capacity 6128K, committed 6272K, reserved 1056768K
  class space    used 557K, capacity 592K, committed 640K, reserved 1048576K
}
Event: 2.004 GC heap before
{Heap before GC invocations=5 (full 0):
 PSYoungGen      total 535040K, used 535027K [0x0000000719e00000, 0x000000073bd00000, 0x00000007c0000000)
  eden space 514048K, 100% used [0x0000000719e00000,0x0000000739400000,0x0000000739400000)
  from space 20992K, 99% used [0x000000073a880000,0x000000073bcfcc30,0x000000073bd00000)
  to   space 20992K, 0% used [0x0000000739400000,0x0000000739400000,0x000000073a880000)
 ParOldGen       total 341504K, used 36018K [0x00000005cda00000, 0x00000005e2780000, 0x0000000719e00000)
  object space 341504K, 10% used [0x00000005cda00000,0x00000005cfd2cbc0,0x00000005e2780000)
 Metaspace       used 6019K, capacity 6128K, committed 6272K, reserved 1056768K
  class space    used 557K, capacity 592K, committed 640K, reserved 1048576K
Event: 2.018 GC heap after
Heap after GC invocations=5 (full 0):
 PSYoungGen      total 535040K, used 20973K [0x0000000719e00000, 0x000000075f700000, 0x00000007c0000000)
  eden space 514048K, 0% used [0x0000000719e00000,0x0000000719e00000,0x0000000739400000)
  from space 20992K, 99% used [0x0000000739400000,0x000000073a87b6f8,0x000000073a880000)
  to   space 55808K, 0% used [0x000000075c080000,0x000000075c080000,0x000000075f700000)
 ParOldGen       total 341504K, used 36114K [0x00000005cda00000, 0x00000005e2780000, 0x0000000719e00000)
  object space 341504K, 10% used [0x00000005cda00000,0x00000005cfd44bc0,0x00000005e2780000)
 Metaspace       used 6019K, capacity 6128K, committed 6272K, reserved 1056768K
  class space    used 557K, capacity 592K, committed 640K, reserved 1048576K
}
Event: 2.131 GC heap before
{Heap before GC invocations=6 (full 0):
 PSYoungGen      total 535040K, used 535021K [0x0000000719e00000, 0x000000075f700000, 0x00000007c0000000)
  eden space 514048K, 100% used [0x0000000719e00000,0x0000000739400000,0x0000000739400000)
  from space 20992K, 99% used [0x0000000739400000,0x000000073a87b6f8,0x000000073a880000)
  to   space 55808K, 0% used [0x000000075c080000,0x000000075c080000,0x000000075f700000)
 ParOldGen       total 341504K, used 36114K [0x00000005cda00000, 0x00000005e2780000, 0x0000000719e00000)
  object space 341504K, 10% used [0x00000005cda00000,0x00000005cfd44bc0,0x00000005e2780000)
 Metaspace       used 6019K, capacity 6128K, committed 6272K, reserved 1056768K
  class space    used 557K, capacity 592K, committed 640K, reserved 1048576K
Event: 2.143 GC heap after
Heap after GC invocations=6 (full 0):
 PSYoungGen      total 1078784K, used 21222K [0x0000000719e00000, 0x000000075f200000, 0x00000007c0000000)
  eden space 1028096K, 0% used [0x0000000719e00000,0x0000000719e00000,0x0000000758a00000)
  from space 50688K, 41% used [0x000000075c080000,0x000000075d539a50,0x000000075f200000)
  to   space 53248K, 0% used [0x0000000758a00000,0x0000000758a00000,0x000000075be00000)
 ParOldGen       total 341504K, used 36114K [0x00000005cda00000, 0x00000005e2780000, 0x0000000719e00000)
  object space 341504K, 10% used [0x00000005cda00000,0x00000005cfd44bc0,0x00000005e2780000)
 Metaspace       used 6019K, capacity 6128K, committed 6272K, reserved 1056768K
  class space    used 557K, capacity 592K, committed 640K, reserved 1048576K
}
Event: 2.605 GC heap before
{Heap before GC invocations=7 (full 0):
 PSYoungGen      total 1078784K, used 1049318K [0x0000000719e00000, 0x000000075f200000, 0x00000007c0000000)
  eden space 1028096K, 100% used [0x0000000719e00000,0x0000000758a00000,0x0000000758a00000)
  from space 50688K, 41% used [0x000000075c080000,0x000000075d539a50,0x000000075f200000)
  to   space 53248K, 0% used [0x0000000758a00000,0x0000000758a00000,0x000000075be00000)
 ParOldGen       total 341504K, used 36114K [0x00000005cda00000, 0x00000005e2780000, 0x0000000719e00000)
  object space 341504K, 10% used [0x00000005cda00000,0x00000005cfd44bc0,0x00000005e2780000)
 Metaspace       used 6019K, capacity 6128K, committed 6272K, reserved 1056768K
  class space    used 557K, capacity 592K, committed 640K, reserved 1048576K

