# JRE version: OpenJDK Runtime Environment (8.0_111-b15) (build 1.8.0_111-b15)
# Java VM: OpenJDK 64-Bit Server VM (25.111-b15 mixed mode linux-amd64 compressed oops)
Heap:
 PSYoungGen      total 1079296K, used 315K [0x0000000719e00000, 0x000000075ee00000, 0x00000007c0000000)
  eden space 1028096K, 0% used [0x0000000719e00000,0x0000000719e00000,0x0000000758a00000)
  from space 51200K, 0% used [0x0000000758a00000,0x0000000758a4ec48,0x000000075bc00000)
  to   space 48640K, 0% used [0x000000075be80000,0x000000075be80000,0x000000075ee00000)
 ParOldGen       total 341504K, used 54537K [0x00000005cda00000, 0x00000005e2780000, 0x0000000719e00000)
  object space 341504K, 15% used [0x00000005cda00000,0x00000005d0f427b8,0x00000005e2780000)
 Metaspace       used 6019K, capacity 6128K, committed 6272K, reserved 1056768K
  class space    used 557K, capacity 592K, committed 640K, reserved 1048576K
GC Heap History (10 events):
Event: 2.606 GC heap after
Heap after GC invocations=2 (full 0):
 PSYoungGen      total 278016K, used 20971K [0x0000000719e00000, 0x000000072c200000, 0x00000007c0000000)
  eden space 257024K, 0% used [0x0000000719e00000,0x0000000719e00000,0x0000000729900000)
  from space 20992K, 99% used [0x000000072ad80000,0x000000072c1faf30,0x000000072c200000)
  to   space 20992K, 0% used [0x0000000729900000,0x0000000729900000,0x000000072ad80000)
 ParOldGen       total 341504K, used 33770K [0x00000005cda00000, 0x00000005e2780000, 0x0000000719e00000)
  object space 341504K, 9% used [0x00000005cda00000,0x00000005cfafaba8,0x00000005e2780000)
 Metaspace       used 6019K, capacity 6128K, committed 6272K, reserved 1056768K
  class space    used 557K, capacity 592K, committed 640K, reserved 1048576K
}
Event: 2.798 GC heap before
{Heap before GC invocations=3 (full 0):
 PSYoungGen      total 278016K, used 277977K [0x0000000719e00000, 0x000000072c200000, 0x00000007c0000000)
  eden space 257024K, 99% used [0x0000000719e00000,0x00000007298fb7a8,0x0000000729900000)
  from space 20992K, 99% used [0x000000072ad80000,0x000000072c1faf30,0x000000072c200000)
  to   space 20992K, 0% used [0x0000000729900000,0x0000000729900000,0x000000072ad80000)
 ParOldGen       total 341504K, used 33770K [0x00000005cda00000, 0x00000005e2780000, 0x0000000719e00000)
  object space 341504K, 9% used [0x00000005cda00000,0x00000005cfafaba8,0x00000005e2780000)
 Metaspace       used 6019K, capacity 6128K, committed 6272K, reserved 1056768K
  class space    used 557K, capacity 592K, committed 640K, reserved 1048576K
Event: 2.810 GC heap after
Heap after GC invocations=3 (full 0):
 PSYoungGen      total 278016K, used 20973K [0x0000000719e00000, 0x000000073bd00000, 0x00000007c0000000)
  eden space 257024K, 0% used [0x0000000719e00000,0x0000000719e00000,0x0000000729900000)
  from space 20992K, 99% used [0x0000000729900000,0x000000072ad7b400,0x000000072ad80000)
  to   space 20992K, 0% used [0x000000073a880000,0x000000073a880000,0x000000073bd00000)
 ParOldGen       total 341504K, used 33810K [0x00000005cda00000, 0x00000005e2780000, 0x0000000719e00000)
  object space 341504K, 9% used [0x00000005cda00000,0x00000005cfb04ba8,0x00000005e2780000)
 Metaspace       used 6019K, capacity 6128K, committed 6272K, reserved 1056768K
  class space    used 557K, capacity 592K, committed 640K, reserved 1048576K
}
Event: 2.854 GC heap before
{Heap before GC invocations=4 (full 0):
 PSYoungGen      total 278016K, used 277992K [0x0000000719e00000, 0x000000073bd00000, 0x00000007c0000000)
  eden space 257024K, 99% used [0x0000000719e00000,0x00000007298fece0,0x0000000729900000)
  from space 20992K, 99% used [0x0000000729900000,0x000000072ad7b400,0x000000072ad80000)
  to   space 20992K, 0% used [0x000000073a880000,0x000000073a880000,0x000000073bd00000)
 ParOldGen       total 341504K, used 33810K [0x00000005cda00000, 0x00000005e2780000, 0x0000000719e00000)
  object space 341504K, 9% used [0x00000005cda00000,0x00000005cfb04ba8,0x00000005e2780000)
 Metaspace       used 6019K, capacity 6128K, committed 6272K, reserved 1056768K
  class space    used 557K, capacity 592K, committed 640K, reserved 1048576K
Event: 2.885 GC heap after
Heap after GC invocations=4 (full 0):
 PSYoungGen      total 535040K, used 20980K [0x0000000719e00000, 0x000000073bd00000, 0x00000007c0000000)
  eden space 514048K, 0% used [0x0000000719e00000,0x0000000719e00000,0x0000000739400000)
  from space 20992K, 99% used [0x000000073a880000,0x000000073bcfd2f0,0x000000073bd00000)
  to   space 20992K, 0% used [0x0000000739400000,0x0000000739400000,0x000000073a880000)
 ParOldGen       total 341504K, used 34266K [0x00000005cda00000, 0x00000005e2780000, 0x0000000719e00000)
  object space 341504K, 10% used [0x00000005cda00000,0x00000005cfb76ba8,0x00000005e2780000)
 Metaspace       used 6019K, capacity 6128K, committed 6272K, reserved 1056768K
  class space    used 557K, capacity 592K, committed 640K, reserved 1048576K
}
Event: 3.056 GC heap before
{Heap before GC invocations=5 (full 0):
 PSYoungGen      total 535040K, used 534996K [0x0000000719e00000, 0x000000073bd00000, 0x00000007c0000000)
  eden space 514048K, 99% used [0x0000000719e00000,0x00000007393f7e28,0x0000000739400000)
  from space 20992K, 99% used [0x000000073a880000,0x000000073bcfd2f0,0x000000073bd00000)
  to   space 20992K, 0% used [0x0000000739400000,0x0000000739400000,0x000000073a880000)
 ParOldGen       total 341504K, used 34266K [0x00000005cda00000, 0x00000005e2780000, 0x0000000719e00000)
  object space 341504K, 10% used [0x00000005cda00000,0x00000005cfb76ba8,0x00000005e2780000)
 Metaspace       used 6019K, capacity 6128K, committed 6272K, reserved 1056768K
  class space    used 557K, capacity 592K, committed 640K, reserved 1048576K
Event: 3.088 GC heap after
Heap after GC invocations=5 (full 0):
 PSYoungGen      total 535040K, used 20838K [0x0000000719e00000, 0x000000075f300000, 0x00000007c0000000)
  eden space 514048K, 0% used [0x0000000719e00000,0x0000000719e00000,0x0000000739400000)
  from space 20992K, 99% used [0x0000000739400000,0x000000073a859a58,0x000000073a880000)
  to   space 53760K, 0% used [0x000000075be80000,0x000000075be80000,0x000000075f300000)
 ParOldGen       total 341504K, used 34274K [0x00000005cda00000, 0x00000005e2780000, 0x0000000719e00000)
  object space 341504K, 10% used [0x00000005cda00000,0x00000005cfb78ba8,0x00000005e2780000)
 Metaspace       used 6019K, capacity 6128K, committed 6272K, reserved 1056768K
  class space    used 557K, capacity 592K, committed 640K, reserved 1048576K
}
Event: 3.196 GC heap before
{Heap before GC invocations=6 (full 0):
 PSYoungGen      total 535040K, used 534815K [0x0000000719e00000, 0x000000075f300000, 0x00000007c0000000)
  eden space 514048K, 99% used [0x0000000719e00000,0x00000007393ee1f0,0x0000000739400000)
  from space 20992K, 99% used [0x0000000739400000,0x000000073a859a58,0x000000073a880000)
  to   space 53760K, 0% used [0x000000075be80000,0x000000075be80000,0x000000075f300000)
 ParOldGen       total 341504K, used 34274K [0x00000005cda00000, 0x00000005e2780000, 0x0000000719e00000)
  object space 341504K, 10% used [0x00000005cda00000,0x00000005cfb78ba8,0x00000005e2780000)
 Metaspace       used 6019K, capacity 6128K, committed 6272K, reserved 1056768K
  class space    used 557K, capacity 592K, committed 640K, reserved 1048576K
Event: 3.209 GC heap after
Heap after GC invocations=6 (full 0):
 PSYoungGen      total 1076736K, used 21364K [0x0000000719e00000, 0x000000075ee00000, 0x00000007c0000000)
  eden space 1028096K, 0% used [0x0000000719e00000,0x0000000719e00000,0x0000000758a00000)
  from space 48640K, 43% used [0x000000075be80000,0x000000075d35d128,0x000000075ee00000)
  to   space 51200K, 0% used [0x0000000758a00000,0x0000000758a00000,0x000000075bc00000)
 ParOldGen       total 341504K, used 34274K [0x00000005cda00000, 0x00000005e2780000, 0x0000000719e00000)
  object space 341504K, 10% used [0x00000005cda00000,0x00000005cfb78ba8,0x00000005e2780000)
 Metaspace       used 6019K, capacity 6128K, committed 6272K, reserved 1056768K
  class space    used 557K, capacity 592K, committed 640K, reserved 1048576K
}
Event: 3.659 GC heap before
{Heap before GC invocations=7 (full 0):
 PSYoungGen      total 1076736K, used 1049460K [0x0000000719e00000, 0x000000075ee00000, 0x00000007c0000000)
  eden space 1028096K, 100% used [0x0000000719e00000,0x0000000758a00000,0x0000000758a00000)
  from space 48640K, 43% used [0x000000075be80000,0x000000075d35d128,0x000000075ee00000)
  to   space 51200K, 0% used [0x0000000758a00000,0x0000000758a00000,0x000000075bc00000)
 ParOldGen       total 341504K, used 34274K [0x00000005cda00000, 0x00000005e2780000, 0x0000000719e00000)
  object space 341504K, 10% used [0x00000005cda00000,0x00000005cfb78ba8,0x00000005e2780000)
 Metaspace       used 6019K, capacity 6128K, committed 6272K, reserved 1056768K
  class space    used 557K, capacity 592K, committed 640K, reserved 1048576K

